[debug] > Exec(early(addDefaultCommands), None, None)
[debug] > Exec(addDefaultCommands, None, None)
[debug] > Exec(early(initialize), None, None)
[debug] > Exec(initialize, None, None)
[debug] > Exec(boot, None, None)
[debug] > Exec(writeSbtVersion, None, None)
[debug] > Exec(reload, None, None)
[debug] > Exec(sbtStashOnFailure, None, None)
[debug] > Exec(onFailure loadFailed, None, None)
[debug] > Exec(loadp, None, None)
[info] welcome to sbt 1.4.7 (Oracle Corporation Java 1.8.0_281)
[debug]       Load.loadUnit: plugins took 759.269684ms
[debug]       Load.loadUnit: defsScala took 0.453194ms
[debug] [Loading] Scanning directory /home/marwane/.sbt/1.0/plugins
[debug] [Loading] Found non-root projects 
[debug] [Loading] Done in /home/marwane/.sbt/1.0/plugins, returning: ()
[debug] deducing auto plugins based on known facts Set(Atom(sbt.plugins.CorePlugin)) and clauses Clauses(List(Clause(Atom(sbt.plugins.JvmPlugin),Set(Atom(sbt.plugins.IvyPlugin))), Clause(Atom(sbt.ScriptedPlugin),Set(Atom(sbt.plugins.JvmPlugin))), Clause(Atom(sbt.plugins.SbtPlugin),Set(Atom(sbt.ScriptedPlugin))), Clause(Atom(sbt.plugins.SemanticdbPlugin),Set(Atom(sbt.plugins.JvmPlugin))), Clause(Atom(sbt.plugins.JUnitXmlReportPlugin),Set(Atom(sbt.plugins.JvmPlugin))), Clause(Atom(sbt.plugins.MiniDependencyTreePlugin),Set(Atom(sbt.plugins.JvmPlugin))), Clause(Atom(sbt.plugins.CorePlugin),Set(Atom(sbt.plugins.IvyPlugin))), Clause(Atom(sbt.plugins.IvyPlugin),Set(Atom(sbt.plugins.JvmPlugin))), Clause(Atom(sbt.plugins.JvmPlugin),Set(Atom(sbt.plugins.SemanticdbPlugin))), Clause(Atom(sbt.plugins.JvmPlugin),Set(Atom(sbt.plugins.JUnitXmlReportPlugin))), Clause(Atom(sbt.plugins.CorePlugin),Set(Atom(sbt.plugins.Giter8TemplatePlugin))), Clause(Atom(sbt.plugins.JvmPlugin),Set(Atom(sbt.plugins.MiniDependencyTreePlugin)))))
[debug]   :: deduced result: Matched(sbt.plugins.CorePlugin,sbt.plugins.Giter8TemplatePlugin,sbt.plugins.IvyPlugin,sbt.plugins.JvmPlugin,sbt.plugins.MiniDependencyTreePlugin,sbt.plugins.JUnitXmlReportPlugin,sbt.plugins.SemanticdbPlugin)
[debug] Plugins.deducer#function took 155.367621 ms
[debug]           Load.resolveProject(global-plugins) took 1850.025274ms
[debug]         Load.loadTransitive: finalizeProject(Project(id global-plugins, base: /home/marwane/.sbt/1.0/plugins, plugins: List(<none>))) took 2091.408755ms
[debug] [Loading] Done in /home/marwane/.sbt/1.0/plugins, returning: (global-plugins)
[debug]       Load.loadUnit: loadedProjectsRaw took 2376.018016ms
[debug]       Load.loadUnit: cleanEvalClasses took 0.455281ms
[debug]     Load.loadUnit(file:/home/marwane/.sbt/1.0/plugins/, ...) took 3170.136089ms
[debug]   Load.apply: load took 4344.705567ms
[debug]   Load.apply: resolveProjects took 21.1731ms
[debug]   Load.apply: finalTransforms took 352.470534ms
[debug]   Load.apply: config.delegates took 32.567553ms
[debug]   Load.apply: Def.make(settings)... took 4151.220403ms
[debug]   Load.apply: structureIndex took 879.159287ms
[debug]   Load.apply: mkStreams took 20.283769ms
[info] loading global plugins from /home/marwane/.sbt/1.0/plugins
[debug] Running task... Cancel: Signal, check cycles: false, forcegc: true
[debug] Load.defaultLoad until apply took 39245.062251ms
[debug]           Load.loadUnit: plugins took 312.475931ms
[debug]           Load.loadUnit: defsScala took 0.022248ms
[debug] [Loading] Scanning directory /home/marwane/IdeaProjects/peaceland_scala/project
[debug] [Loading] Found non-root projects 
[debug] [Loading] Done in /home/marwane/IdeaProjects/peaceland_scala/project, returning: ()
[debug] deducing auto plugins based on known facts Set(Atom(sbt.plugins.CorePlugin)) and clauses Clauses(List(Clause(Atom(sbt.plugins.JvmPlugin),Set(Atom(sbt.plugins.IvyPlugin))), Clause(Atom(sbt.ScriptedPlugin),Set(Atom(sbt.plugins.JvmPlugin))), Clause(Atom(sbt.plugins.SbtPlugin),Set(Atom(sbt.ScriptedPlugin))), Clause(Atom(sbt.plugins.SemanticdbPlugin),Set(Atom(sbt.plugins.JvmPlugin))), Clause(Atom(sbt.plugins.JUnitXmlReportPlugin),Set(Atom(sbt.plugins.JvmPlugin))), Clause(Atom(sbt.plugins.MiniDependencyTreePlugin),Set(Atom(sbt.plugins.JvmPlugin))), Clause(Atom(sbt.plugins.CorePlugin),Set(Atom(sbt.plugins.IvyPlugin))), Clause(Atom(sbt.plugins.IvyPlugin),Set(Atom(sbt.plugins.JvmPlugin))), Clause(Atom(sbt.plugins.JvmPlugin),Set(Atom(sbt.plugins.SemanticdbPlugin))), Clause(Atom(sbt.plugins.JvmPlugin),Set(Atom(sbt.plugins.JUnitXmlReportPlugin))), Clause(Atom(sbt.plugins.CorePlugin),Set(Atom(sbt.plugins.Giter8TemplatePlugin))), Clause(Atom(sbt.plugins.JvmPlugin),Set(Atom(sbt.plugins.MiniDependencyTreePlugin)))))
[debug]   :: deduced result: Matched(sbt.plugins.CorePlugin,sbt.plugins.Giter8TemplatePlugin,sbt.plugins.IvyPlugin,sbt.plugins.JvmPlugin,sbt.plugins.MiniDependencyTreePlugin,sbt.plugins.JUnitXmlReportPlugin,sbt.plugins.SemanticdbPlugin)
[debug] Plugins.deducer#function took 2.80739 ms
[debug]               Load.resolveProject(peaceland_scala-build) took 52.385318ms
[debug]             Load.loadTransitive: finalizeProject(Project(id peaceland_scala-build, base: /home/marwane/IdeaProjects/peaceland_scala/project, plugins: List(<none>))) took 65.947393ms
[debug] [Loading] Done in /home/marwane/IdeaProjects/peaceland_scala/project, returning: (peaceland_scala-build)
[debug]           Load.loadUnit: loadedProjectsRaw took 68.792928ms
[debug]           Load.loadUnit: cleanEvalClasses took 20.670642ms
[debug]         Load.loadUnit(file:/home/marwane/IdeaProjects/peaceland_scala/project/, ...) took 426.665396ms
[debug]       Load.apply: load took 443.685095ms
[debug]       Load.apply: resolveProjects took 0.176057ms
[debug]       Load.apply: finalTransforms took 171.135701ms
[debug]       Load.apply: config.delegates took 15.702137ms
[debug]       Load.apply: Def.make(settings)... took 1826.899115ms
[debug]       Load.apply: structureIndex took 397.46491ms
[debug]       Load.apply: mkStreams took 0.004808ms
[info] loading project definition from /home/marwane/IdeaProjects/peaceland_scala/project
[debug] Running task... Cancel: Signal, check cycles: false, forcegc: true
[debug]     Load.loadUnit: plugins took 6249.037018ms
[debug]     Load.loadUnit: defsScala took 0.008333ms
[debug] [Loading] Scanning directory /home/marwane/IdeaProjects/peaceland_scala
[debug]       Load.loadUnit: mkEval took 803.486747ms
